#
# A fatal error has been detected by the Java Runtime Environment:
#
#  EXCEPTION_ACCESS_VIOLATION (0xc0000005) at pc=0x000000006f08bdfe, pid=3012, tid=0x0000000000000404
#
# JRE version: OpenJDK Runtime Environment (8.0_112-b06) (build 1.8.0_112-release-b06)
# Java VM: OpenJDK 64-Bit Server VM (25.112-b06 mixed mode windows-amd64 compressed oops)
# Problematic frame:
# V  [jvm.dll+0x48bdfe]
#
# Failed to write core dump. Minidumps are not enabled by default on client versions of Windows
#
# If you would like to submit a bug report, please visit:
#   http://bugreport.java.com/bugreport/crash.jsp
#

---------------  T H R E A D  ---------------

Current thread (0x000000001641d800):  JavaThread "C2 CompilerThread1" daemon [_thread_in_native, id=1028, stack(0x0000000017b70000,0x0000000017c70000)]

siginfo: ExceptionCode=0xc0000005, reading address 0x0000000419fdfcd8

Registers:
RAX=0x000000001c86d238, RBX=0x0000000419fdfcb0, RCX=0x0000000000000000, RDX=0x000000001cfffb80
RSP=0x0000000017c6b530, RBP=0x0000000000000002, RSI=0x0000000000000722, RDI=0x0000000017c6b648
R8 =0x0000000000000031, R9 =0x0000000000000100, R10=0x0000000017c6ba30, R11=0x000000001c2319e0
R12=0x0000000000000001, R13=0x000000001c86d1d8, R14=0x0000000017c6b5d8, R15=0x0000000017c6b5f8
RIP=0x000000006f08bdfe, EFLAGS=0x0000000000010203

Top of Stack: (sp=0x0000000017c6b530)
0x0000000017c6b530:   0000000019fdfd70 0000000000000722
0x0000000017c6b540:   0000000000000001 00000000195ca500
0x0000000017c6b550:   0000000017c6c408 000000006f0d5bc0
0x0000000017c6b560:   0000000018798e90 00000000163e4980
0x0000000017c6b570:   0000000019a8bee0 0000000017c6b6a0
0x0000000017c6b580:   00000000163e4980 000000000000000b
0x0000000017c6b590:   0000000017c6ba30 000000006f08dcf3
0x0000000017c6b5a0:   0000000017c6ba30 0000000000000001
0x0000000017c6b5b0:   0000000000000001 0000000017c6b648
0x0000000017c6b5c0:   0000000018798ee0 00000000187a0e78
0x0000000017c6b5d0:   00000000001280b8 00000000163e4980
0x0000000017c6b5e0:   0000000000000800 0000000019072cf0
0x0000000017c6b5f0:   000000000000071f 000000006f234a28
0x0000000017c6b600:   00000000163e4980 0000000000000100
0x0000000017c6b610:   000000001cfffb80 000000000000000b
0x0000000017c6b620:   0000000018798e90 00000000163e4980 

Instructions: (pc=0x000000006f08bdfe)
0x000000006f08bdde:   33 e4 89 8c 24 80 00 00 00 44 3b e1 0f 83 6e 01
0x000000006f08bdee:   00 00 49 8b 45 10 41 8b cc 41 ff c4 48 8b 1c c8
0x000000006f08bdfe:   8b 43 28 41 3b 42 28 73 0d 8b c8 49 8b 42 30 48
0x000000006f08be0e:   83 3c c8 00 75 3c 48 83 7b 10 00 74 35 49 8d b2 


Register to memory mapping:

RAX=0x000000001c86d238 is an unknown value
RBX=0x0000000419fdfcb0 is an unknown value
RCX=0x0000000000000000 is an unknown value
RDX=0x000000001cfffb80 is an unknown value
RSP=0x0000000017c6b530 is pointing into the stack for thread: 0x000000001641d800
RBP=0x0000000000000002 is an unknown value
RSI=0x0000000000000722 is an unknown value
RDI=0x0000000017c6b648 is pointing into the stack for thread: 0x000000001641d800
R8 =0x0000000000000031 is an unknown value
R9 =0x0000000000000100 is an unknown value
R10=0x0000000017c6ba30 is pointing into the stack for thread: 0x000000001641d800
R11=0x000000001c2319e0 is an unknown value
R12=0x0000000000000001 is an unknown value
R13=0x000000001c86d1d8 is an unknown value
R14=0x0000000017c6b5d8 is pointing into the stack for thread: 0x000000001641d800
R15=0x0000000017c6b5f8 is pointing into the stack for thread: 0x000000001641d800


Stack: [0x0000000017b70000,0x0000000017c70000],  sp=0x0000000017c6b530,  free space=1005k
Native frames: (J=compiled Java code, j=interpreted, Vv=VM code, C=native code)
V  [jvm.dll+0x48bdfe]
V  [jvm.dll+0x48dcf3]
V  [jvm.dll+0x43f0f0]
V  [jvm.dll+0x43fef2]
V  [jvm.dll+0x423242]
V  [jvm.dll+0x80b29]
V  [jvm.dll+0x8145f]
V  [jvm.dll+0x21be7f]
V  [jvm.dll+0x26c13a]
C  [msvcr100.dll+0x21d9f]
C  [msvcr100.dll+0x21e3b]
C  [KERNEL32.DLL+0x8364]
C  [ntdll.dll+0x67091]


Current CompileTask:
C2:   6259 2912   !   4       com.sun.org.apache.xerces.internal.impl.XMLDocumentFragmentScannerImpl$FragmentContentDriver::next (2323 bytes)


---------------  P R O C E S S  ---------------

Java Threads: ( => current thread )
  0x0000000019df1800 JavaThread "File lock request listener" [_thread_in_native, id=7348, stack(0x000000001bdc0000,0x000000001bec0000)]
  0x0000000018f7d000 JavaThread "Stdin handler" [_thread_blocked, id=6604, stack(0x000000001bac0000,0x000000001bbc0000)]
  0x0000000018fa2800 JavaThread "Asynchronous log dispatcher for DefaultDaemonConnection: socket connection from /127.0.0.1:50995 to /127.0.0.1:50996" [_thread_blocked, id=6452, stack(0x000000001b9c0000,0x000000001bac0000)]
  0x00000000191b8800 JavaThread "Daemon worker" [_thread_in_Java, id=5820, stack(0x000000001b8c0000,0x000000001b9c0000)]
  0x00000000191c6000 JavaThread "Cancel handler" [_thread_blocked, id=6700, stack(0x000000001b7c0000,0x000000001b8c0000)]
  0x00000000191cf000 JavaThread "pool-1-thread-1" [_thread_blocked, id=3392, stack(0x000000001b6c0000,0x000000001b7c0000)]
  0x0000000019807800 JavaThread "Handler for socket connection from /127.0.0.1:50995 to /127.0.0.1:50996" [_thread_in_native, id=7828, stack(0x000000001b5c0000,0x000000001b6c0000)]
  0x000000001908e000 JavaThread "Daemon" [_thread_blocked, id=7740, stack(0x000000001b4c0000,0x000000001b5c0000)]
  0x000000001981c800 JavaThread "Incoming local TCP Connector on port 50995" [_thread_in_native, id=6840, stack(0x0000000019b40000,0x0000000019c40000)]
  0x000000001647a000 JavaThread "Service Thread" daemon [_thread_blocked, id=5328, stack(0x0000000018170000,0x0000000018270000)]
  0x000000001644b800 JavaThread "C1 CompilerThread2" daemon [_thread_in_native, id=6392, stack(0x0000000017c70000,0x0000000017d70000)]
=>0x000000001641d800 JavaThread "C2 CompilerThread1" daemon [_thread_in_native, id=1028, stack(0x0000000017b70000,0x0000000017c70000)]
  0x000000001641a000 JavaThread "C2 CompilerThread0" daemon [_thread_in_native, id=1540, stack(0x0000000017a70000,0x0000000017b70000)]
  0x0000000016417800 JavaThread "Attach Listener" daemon [_thread_blocked, id=7500, stack(0x0000000017970000,0x0000000017a70000)]
  0x0000000016416800 JavaThread "Signal Dispatcher" daemon [_thread_blocked, id=7464, stack(0x0000000017870000,0x0000000017970000)]
  0x0000000002aab000 JavaThread "Finalizer" daemon [_thread_blocked, id=6892, stack(0x0000000017670000,0x0000000017770000)]
  0x0000000002aa0000 JavaThread "Reference Handler" daemon [_thread_blocked, id=824, stack(0x0000000017570000,0x0000000017670000)]
  0x00000000029b0800 JavaThread "main" [_thread_blocked, id=7400, stack(0x00000000028b0000,0x00000000029b0000)]

Other Threads:
  0x00000000163e5800 VMThread [stack: 0x0000000017470000,0x0000000017570000] [id=3584]
  0x000000001647c000 WatcherThread [stack: 0x0000000018270000,0x0000000018370000] [id=376]

VM state:not at safepoint (normal execution)

VM Mutex/Monitor currently owned by a thread: None

Heap:
 PSYoungGen      total 103936K, used 16821K [0x00000000e0000000, 0x00000000e7480000, 0x0000000100000000)
  eden space 95744K, 9% used [0x00000000e0000000,0x00000000e086f580,0x00000000e5d80000)
  from space 8192K, 99% used [0x00000000e5d80000,0x00000000e657e078,0x00000000e6580000)
  to   space 11264K, 0% used [0x00000000e6980000,0x00000000e6980000,0x00000000e7480000)
 ParOldGen       total 89600K, used 10045K [0x00000000a0000000, 0x00000000a5780000, 0x00000000e0000000)
  object space 89600K, 11% used [0x00000000a0000000,0x00000000a09cf5d0,0x00000000a5780000)
 Metaspace       used 29692K, capacity 30300K, committed 30464K, reserved 1075200K
  class space    used 4054K, capacity 4246K, committed 4352K, reserved 1048576K

Card table byte_map: [0x0000000011e70000,0x0000000012180000] byte_map_base: 0x0000000011970000

Marking Bits: (ParMarkBitMap*) 0x000000006f3c18f0
 Begin Bits: [0x0000000012780000, 0x0000000013f80000)
 End Bits:   [0x0000000013f80000, 0x0000000015780000)

Polling page: 0x0000000001140000

CodeCache: size=245760Kb used=11393Kb max_used=11393Kb free=234366Kb
 bounds [0x0000000002ab0000, 0x00000000035e0000, 0x0000000011ab0000]
 total_blobs=3623 nmethods=2960 adapters=576
 compilation: enabled

Compilation events (10 events):
Event: 6.230 Thread 0x000000001641a000 2965       4       com.sun.org.apache.xerces.internal.impl.XMLDocumentFragmentScannerImpl::scanStartElement (440 bytes)
Event: 6.234 Thread 0x000000001644b800 2971       3       java.io.InputStreamReader::read (11 bytes)
Event: 6.235 Thread 0x000000001644b800 nmethod 2971 0x00000000035b69d0 code [0x00000000035b6b40, 0x00000000035b6ce8]
Event: 6.235 Thread 0x000000001644b800 2972   !   3       sun.nio.cs.StreamDecoder::read (196 bytes)
Event: 6.236 Thread 0x000000001644b800 nmethod 2972 0x00000000035ce8d0 code [0x00000000035ceb00, 0x00000000035cf828]
Event: 6.236 Thread 0x000000001644b800 2973       3       org.gradle.internal.logging.slf4j.OutputEventListenerBackedLogger::debug (19 bytes)
Event: 6.237 Thread 0x000000001644b800 nmethod 2973 0x00000000035c6850 code [0x00000000035c6a20, 0x00000000035c7358]
Event: 6.238 Thread 0x000000001644b800 2974       3       com.sun.org.apache.xerces.internal.impl.XMLEntityManager$RewindableInputStream::read (168 bytes)
Event: 6.238 Thread 0x000000001644b800 nmethod 2974 0x00000000035c5e10 code [0x00000000035c5fc0, 0x00000000035c6668]
Event: 6.241 Thread 0x000000001644b800 2976       3       com.sun.org.apache.xerces.internal.dom.AttributeMap::setNamedItem (314 bytes)

GC Heap History (10 events):
Event: 2.877 GC heap before
{Heap before GC invocations=2 (full 0):
 PSYoungGen      total 57344K, used 55389K [0x00000000e0000000, 0x00000000e4000000, 0x0000000100000000)
  eden space 49152K, 100% used [0x00000000e0000000,0x00000000e3000000,0x00000000e3000000)
  from space 8192K, 76% used [0x00000000e3000000,0x00000000e3617540,0x00000000e3800000)
  to   space 8192K, 0% used [0x00000000e3800000,0x00000000e3800000,0x00000000e4000000)
 ParOldGen       total 131072K, used 16K [0x00000000a0000000, 0x00000000a8000000, 0x00000000e0000000)
  object space 131072K, 0% used [0x00000000a0000000,0x00000000a0004000,0x00000000a8000000)
 Metaspace       used 16093K, capacity 16462K, committed 16512K, reserved 1062912K
  class space    used 2242K, capacity 2400K, committed 2432K, reserved 1048576K
Event: 2.890 GC heap after
Heap after GC invocations=2 (full 0):
 PSYoungGen      total 57344K, used 8185K [0x00000000e0000000, 0x00000000e4000000, 0x0000000100000000)
  eden space 49152K, 0% used [0x00000000e0000000,0x00000000e0000000,0x00000000e3000000)
  from space 8192K, 99% used [0x00000000e3800000,0x00000000e3ffe430,0x00000000e4000000)
  to   space 8192K, 0% used [0x00000000e3000000,0x00000000e3000000,0x00000000e3800000)
 ParOldGen       total 131072K, used 427K [0x00000000a0000000, 0x00000000a8000000, 0x00000000e0000000)
  object space 131072K, 0% used [0x00000000a0000000,0x00000000a006ad68,0x00000000a8000000)
 Metaspace       used 16093K, capacity 16462K, committed 16512K, reserved 1062912K
  class space    used 2242K, capacity 2400K, committed 2432K, reserved 1048576K
}
Event: 3.581 GC heap before
{Heap before GC invocations=3 (full 0):
 PSYoungGen      total 57344K, used 33750K [0x00000000e0000000, 0x00000000e4000000, 0x0000000100000000)
  eden space 49152K, 52% used [0x00000000e0000000,0x00000000e18f7720,0x00000000e3000000)
  from space 8192K, 99% used [0x00000000e3800000,0x00000000e3ffe430,0x00000000e4000000)
  to   space 8192K, 0% used [0x00000000e3000000,0x00000000e3000000,0x00000000e3800000)
 ParOldGen       total 131072K, used 427K [0x00000000a0000000, 0x00000000a8000000, 0x00000000e0000000)
  object space 131072K, 0% used [0x00000000a0000000,0x00000000a006ad68,0x00000000a8000000)
 Metaspace       used 20853K, capacity 21210K, committed 21296K, reserved 1067008K
  class space    used 2782K, capacity 2916K, committed 2944K, reserved 1048576K
Event: 3.597 GC heap after
Heap after GC invocations=3 (full 0):
 PSYoungGen      total 57344K, used 8187K [0x00000000e0000000, 0x00000000e7000000, 0x0000000100000000)
  eden space 49152K, 0% used [0x00000000e0000000,0x00000000e0000000,0x00000000e3000000)
  from space 8192K, 99% used [0x00000000e3000000,0x00000000e37feff0,0x00000000e3800000)
  to   space 8192K, 0% used [0x00000000e6800000,0x00000000e6800000,0x00000000e7000000)
 ParOldGen       total 131072K, used 2018K [0x00000000a0000000, 0x00000000a8000000, 0x00000000e0000000)
  object space 131072K, 1% used [0x00000000a0000000,0x00000000a01f8818,0x00000000a8000000)
 Metaspace       used 20853K, capacity 21210K, committed 21296K, reserved 1067008K
  class space    used 2782K, capacity 2916K, committed 2944K, reserved 1048576K
}
Event: 3.597 GC heap before
{Heap before GC invocations=4 (full 1):
 PSYoungGen      total 57344K, used 8187K [0x00000000e0000000, 0x00000000e7000000, 0x0000000100000000)
  eden space 49152K, 0% used [0x00000000e0000000,0x00000000e0000000,0x00000000e3000000)
  from space 8192K, 99% used [0x00000000e3000000,0x00000000e37feff0,0x00000000e3800000)
  to   space 8192K, 0% used [0x00000000e6800000,0x00000000e6800000,0x00000000e7000000)
 ParOldGen       total 131072K, used 2018K [0x00000000a0000000, 0x00000000a8000000, 0x00000000e0000000)
  object space 131072K, 1% used [0x00000000a0000000,0x00000000a01f8818,0x00000000a8000000)
 Metaspace       used 20853K, capacity 21210K, committed 21296K, reserved 1067008K
  class space    used 2782K, capacity 2916K, committed 2944K, reserved 1048576K
Event: 3.656 GC heap after
Heap after GC invocations=4 (full 1):
 PSYoungGen      total 57344K, used 0K [0x00000000e0000000, 0x00000000e7000000, 0x0000000100000000)
  eden space 49152K, 0% used [0x00000000e0000000,0x00000000e0000000,0x00000000e3000000)
  from space 8192K, 0% used [0x00000000e3000000,0x00000000e3000000,0x00000000e3800000)
  to   space 8192K, 0% used [0x00000000e6800000,0x00000000e6800000,0x00000000e7000000)
 ParOldGen       total 89600K, used 9555K [0x00000000a0000000, 0x00000000a5780000, 0x00000000e0000000)
  object space 89600K, 10% used [0x00000000a0000000,0x00000000a0954d20,0x00000000a5780000)
 Metaspace       used 20853K, capacity 21210K, committed 21296K, reserved 1067008K
  class space    used 2782K, capacity 2916K, committed 2944K, reserved 1048576K
}
Event: 4.991 GC heap before
{Heap before GC invocations=5 (full 1):
 PSYoungGen      total 57344K, used 49152K [0x00000000e0000000, 0x00000000e7000000, 0x0000000100000000)
  eden space 49152K, 100% used [0x00000000e0000000,0x00000000e3000000,0x00000000e3000000)
  from space 8192K, 0% used [0x00000000e3000000,0x00000000e3000000,0x00000000e3800000)
  to   space 8192K, 0% used [0x00000000e6800000,0x00000000e6800000,0x00000000e7000000)
 ParOldGen       total 89600K, used 9555K [0x00000000a0000000, 0x00000000a5780000, 0x00000000e0000000)
  object space 89600K, 10% used [0x00000000a0000000,0x00000000a0954d20,0x00000000a5780000)
 Metaspace       used 24607K, capacity 25136K, committed 25344K, reserved 1071104K
  class space    used 3338K, capacity 3491K, committed 3584K, reserved 1048576K
Event: 5.000 GC heap after
Heap after GC invocations=5 (full 1):
 PSYoungGen      total 74240K, used 5469K [0x00000000e0000000, 0x00000000e6d80000, 0x0000000100000000)
  eden space 68608K, 0% used [0x00000000e0000000,0x00000000e0000000,0x00000000e4300000)
  from space 5632K, 97% used [0x00000000e6800000,0x00000000e6d57618,0x00000000e6d80000)
  to   space 8192K, 0% used [0x00000000e5d80000,0x00000000e5d80000,0x00000000e6580000)
 ParOldGen       total 89600K, used 9563K [0x00000000a0000000, 0x00000000a5780000, 0x00000000e0000000)
  object space 89600K, 10% used [0x00000000a0000000,0x00000000a0956d20,0x00000000a5780000)
 Metaspace       used 24607K, capacity 25136K, committed 25344K, reserved 1071104K
  class space    used 3338K, capacity 3491K, committed 3584K, reserved 1048576K
}
Event: 6.147 GC heap before
{Heap before GC invocations=6 (full 1):
 PSYoungGen      total 74240K, used 74077K [0x00000000e0000000, 0x00000000e6d80000, 0x0000000100000000)
  eden space 68608K, 100% used [0x00000000e0000000,0x00000000e4300000,0x00000000e4300000)
  from space 5632K, 97% used [0x00000000e6800000,0x00000000e6d57618,0x00000000e6d80000)
  to   space 8192K, 0% used [0x00000000e5d80000,0x00000000e5d80000,0x00000000e6580000)
 ParOldGen       total 89600K, used 9563K [0x00000000a0000000, 0x00000000a5780000, 0x00000000e0000000)
  object space 89600K, 10% used [0x00000000a0000000,0x00000000a0956d20,0x00000000a5780000)
 Metaspace       used 29639K, capacity 30300K, committed 30464K, reserved 1075200K
  class space    used 4054K, capacity 4246K, committed 4352K, reserved 1048576K
Event: 6.162 GC heap after
Heap after GC invocations=6 (full 1):
 PSYoungGen      total 103936K, used 8184K [0x00000000e0000000, 0x00000000e7480000, 0x0000000100000000)
  eden space 95744K, 0% used [0x00000000e0000000,0x00000000e0000000,0x00000000e5d80000)
  from space 8192K, 99% used [0x00000000e5d80000,0x00000000e657e078,0x00000000e6580000)
  to   space 11264K, 0% used [0x00000000e6980000,0x00000000e6980000,0x00000000e7480000)
 ParOldGen       total 89600K, used 10045K [0x00000000a0000000, 0x00000000a5780000, 0x00000000e0000000)
  object space 89600K, 11% used [0x00000000a0000000,0x00000000a09cf5d0,0x00000000a5780000)
 Metaspace       used 29639K, capacity 30300K, committed 30464K, reserved 1075200K
  class space    used 4054K, capacity 4246K, committed 4352K, reserved 1048576K
}

Deoptimization events (10 events):
Event: 5.533 Thread 0x00000000191b8800 Uncommon trap: reason=unstable_if action=reinterpret pc=0x000000000327c020 method=java.net.URI.match(CJJ)Z @ 45
Event: 5.891 Thread 0x00000000191b8800 Uncommon trap: reason=unstable_if action=reinterpret pc=0x00000000033f8728 method=com.sun.org.apache.xerces.internal.dom.ParentNode.nodeListGetLength()I @ 11
Event: 5.901 Thread 0x00000000191b8800 Uncommon trap: reason=unstable_if action=reinterpret pc=0x00000000033e61e8 method=com.sun.org.apache.xerces.internal.dom.ParentNode.nodeListGetLength()I @ 11
Event: 6.065 Thread 0x00000000191b8800 Uncommon trap: reason=unstable_if action=reinterpret pc=0x00000000034b7744 method=com.sun.org.apache.xerces.internal.impl.XMLEntityScanner.skipSpaces()Z @ 75
Event: 6.065 Thread 0x00000000191b8800 Uncommon trap: reason=unstable_if action=reinterpret pc=0x000000000352ee50 method=com.sun.org.apache.xerces.internal.impl.XMLEntityScanner.peekChar()I @ 51
Event: 6.065 Thread 0x00000000191b8800 Uncommon trap: reason=unstable_if action=reinterpret pc=0x000000000349c10c method=com.sun.org.apache.xerces.internal.impl.XMLEntityScanner.scanContent(Lcom/sun/org/apache/xerces/internal/xni/XMLString;)I @ 124
Event: 6.065 Thread 0x00000000191b8800 Uncommon trap: reason=unstable_if action=reinterpret pc=0x000000000343feec method=com.sun.org.apache.xerces.internal.impl.XMLEntityScanner.peekChar()I @ 51
Event: 6.066 Thread 0x00000000191b8800 Uncommon trap: reason=unstable_if action=reinterpret pc=0x000000000348a298 method=com.sun.org.apache.xerces.internal.impl.XMLEntityScanner.skipSpaces()Z @ 75
Event: 6.112 Thread 0x00000000191b8800 Uncommon trap: reason=unstable_if action=reinterpret pc=0x00000000034e74b0 method=com.sun.org.apache.xerces.internal.impl.XMLEntityScanner.scanName()Ljava/lang/String; @ 205
Event: 6.213 Thread 0x00000000191b8800 Uncommon trap: reason=unstable_if action=reinterpret pc=0x00000000034b9438 method=com.sun.org.apache.xerces.internal.impl.io.UTF8Reader.read([CII)I @ 131

Internal exceptions (10 events):
Event: 5.351 Thread 0x00000000191b8800 Exception <a 'java/lang/ClassNotFoundException': org/gradle/api/plugins/ObjectConfigurationActionBeanInfo> (0x00000000e18553b0) thrown at [C:\src\android\AOSP-openjdk\external\jetbrains\jdk\hotspot\src\share\vm\classfile\systemDictionary.cpp, line 210]
Event: 5.351 Thread 0x00000000191b8800 Exception <a 'java/lang/ClassNotFoundException': org/gradle/api/plugins/ObjectConfigurationActionCustomizer> (0x00000000e1867238) thrown at [C:\src\android\AOSP-openjdk\external\jetbrains\jdk\hotspot\src\share\vm\classfile\systemDictionary.cpp, line 210]
Event: 5.382 Thread 0x00000000191b8800 Exception <a 'java/lang/ClassNotFoundException': JetGradlePluginBeanInfo> (0x00000000e1aeb018) thrown at [C:\src\android\AOSP-openjdk\external\jetbrains\jdk\hotspot\src\share\vm\classfile\systemDictionary.cpp, line 210]
Event: 5.382 Thread 0x00000000191b8800 Exception <a 'java/lang/ClassNotFoundException': JetGradlePluginCustomizer> (0x00000000e1af3ec8) thrown at [C:\src\android\AOSP-openjdk\external\jetbrains\jdk\hotspot\src\share\vm\classfile\systemDictionary.cpp, line 210]
Event: 5.387 Thread 0x00000000191b8800 Exception <a 'java/lang/ClassNotFoundException': org/gradle/tooling/provider/model/internal/DefaultToolingModelBuilderRegistryBeanInfo> (0x00000000e1b41cb0) thrown at [C:\src\android\AOSP-openjdk\external\jetbrains\jdk\hotspot\src\share\vm\classfile\system√—µ3ç@
Event: 5.388 Thread 0x00000000191b8800 Exception <a 'java/lang/ClassNotFoundException': org/gradle/tooling/provider/model/internal/DefaultToolingModelBuilderRegistryCustomizer> (0x00000000e1b742f0) thrown at [C:\src\android\AOSP-openjdk\external\jetbrains\jdk\hotspot\src\share\vm\classfile\syst5˝åÂ@
Event: 5.474 Thread 0x00000000191b8800 Exception <a 'java/lang/ClassNotFoundException': build_aqfw1f9fdf88aglzssz5835wkBeanInfo> (0x00000000e208a6c0) thrown at [C:\src\android\AOSP-openjdk\external\jetbrains\jdk\hotspot\src\share\vm\classfile\systemDictionary.cpp, line 210]
Event: 5.474 Thread 0x00000000191b8800 Exception <a 'java/lang/ClassNotFoundException': org/gradle/api/internal/project/ProjectScriptBeanInfo> (0x00000000e209bce0) thrown at [C:\src\android\AOSP-openjdk\external\jetbrains\jdk\hotspot\src\share\vm\classfile\systemDictionary.cpp, line 210]
Event: 5.474 Thread 0x00000000191b8800 Exception <a 'java/lang/ClassNotFoundException': org/gradle/api/internal/project/ProjectScriptCustomizer> (0x00000000e20ad740) thrown at [C:\src\android\AOSP-openjdk\external\jetbrains\jdk\hotspot\src\share\vm\classfile\systemDictionary.cpp, line 210]
Event: 5.476 Thread 0x00000000191b8800 Exception <a 'java/lang/ClassNotFoundException': build_aqfw1f9fdf88aglzssz5835wkCustomizer> (0x00000000e20ccef0) thrown at [C:\src\android\AOSP-openjdk\external\jetbrains\jdk\hotspot\src\share\vm\classfile\systemDictionary.cpp, line 210]

Events (10 events):
Event: 6.213 Thread 0x00000000191b8800 DEOPT PACKING pc=0x00000000034b9438 sp=0x000000001b9bb2a0
Event: 6.213 Thread 0x00000000191b8800 DEOPT UNPACKING pc=0x0000000002af556a sp=0x000000001b9bb1f0 mode 2
Event: 6.229 Thread 0x00000000191b8800 DEOPT PACKING pc=0x00000000035cb53d sp=0x000000001b9ba180
Event: 6.229 Thread 0x00000000191b8800 DEOPT UNPACKING pc=0x0000000002af75bf sp=0x000000001b9b9f28 mode 0
Event: 6.230 Thread 0x00000000191b8800 DEOPT PACKING pc=0x00000000035cb53d sp=0x000000001b9b9f80
Event: 6.230 Thread 0x00000000191b8800 DEOPT UNPACKING pc=0x0000000002af75bf sp=0x000000001b9b9d28 mode 0
Event: 6.237 Thread 0x00000000191b8800 DEOPT PACKING pc=0x00000000035cb53d sp=0x000000001b9baf60
Event: 6.237 Thread 0x00000000191b8800 DEOPT UNPACKING pc=0x0000000002af75bf sp=0x000000001b9bad08 mode 0
Event: 6.240 Thread 0x00000000191b8800 DEOPT PACKING pc=0x00000000035cb53d sp=0x000000001b9bad60
Event: 6.240 Thread 0x00000000191b8800 DEOPT UNPACKING pc=0x0000000002af75bf sp=0x000000001b9bab08 mode 0


Dynamic libraries:
0x00007ff6b4710000 - 0x00007ff6b4741000 	C:\Program Files\Android\Android Studio\jre\bin\java.exe
0x00007ffaaf430000 - 0x00007ffaaf602000 	C:\WINDOWS\SYSTEM32\ntdll.dll
0x00007ffaad870000 - 0x00007ffaad91c000 	C:\WINDOWS\System32\KERNEL32.DLL
0x00007ffaa7bf0000 - 0x00007ffaa7c23000 	C:\Program Files\AVAST Software\Avast\x64\aswhooka.dll
0x00007ffaaba30000 - 0x00007ffaabc4d000 	C:\WINDOWS\System32\KERNELBASE.dll
0x00007ffaacb60000 - 0x00007ffaacc02000 	C:\WINDOWS\System32\ADVAPI32.dll
0x00007ffaad1d0000 - 0x00007ffaad26e000 	C:\WINDOWS\System32\msvcrt.dll
0x00007ffaaccb0000 - 0x00007ffaacd09000 	C:\WINDOWS\System32\sechost.dll
0x00007ffaaf000000 - 0x00007ffaaf121000 	C:\WINDOWS\System32\RPCRT4.dll
0x00007ffaacf00000 - 0x00007ffaad065000 	C:\WINDOWS\System32\USER32.dll
0x00007ffaac660000 - 0x00007ffaac67e000 	C:\WINDOWS\System32\win32u.dll
0x00007ffaad830000 - 0x00007ffaad864000 	C:\WINDOWS\System32\GDI32.dll
0x00007ffaabc50000 - 0x00007ffaabdd0000 	C:\WINDOWS\System32\gdi32full.dll
0x00007ffaa2e90000 - 0x00007ffaa310a000 	C:\WINDOWS\WinSxS\amd64_microsoft.windows.common-controls_6595b64144ccf1df_6.0.14393.953_none_42151e83c686086b\COMCTL32.dll
0x00007ffaaf150000 - 0x00007ffaaf418000 	C:\WINDOWS\System32\combase.dll
0x00007ffaabdd0000 - 0x00007ffaabec5000 	C:\WINDOWS\System32\ucrtbase.dll
0x00007ffaac850000 - 0x00007ffaac8ba000 	C:\WINDOWS\System32\bcryptPrimitives.dll
0x00007ffaaceb0000 - 0x00007ffaacede000 	C:\WINDOWS\System32\IMM32.DLL
0x000000006f8e0000 - 0x000000006f9b2000 	C:\Program Files\Android\Android Studio\jre\jre\bin\msvcr100.dll
0x000000006ec00000 - 0x000000006f43c000 	C:\Program Files\Android\Android Studio\jre\jre\bin\server\jvm.dll
0x00007ffaaf140000 - 0x00007ffaaf148000 	C:\WINDOWS\System32\PSAPI.DLL
0x00007ffaa9590000 - 0x00007ffaa9599000 	C:\WINDOWS\SYSTEM32\WSOCK32.dll
0x00007ffaaef90000 - 0x00007ffaaeffa000 	C:\WINDOWS\System32\WS2_32.dll
0x00007ffaa97b0000 - 0x00007ffaa97d3000 	C:\WINDOWS\SYSTEM32\WINMM.dll
0x00007ffaa76e0000 - 0x00007ffaa76ea000 	C:\WINDOWS\SYSTEM32\VERSION.dll
0x00007ffaa9750000 - 0x00007ffaa977b000 	C:\WINDOWS\SYSTEM32\WINMMBASE.dll
0x00007ffaac970000 - 0x00007ffaac9b2000 	C:\WINDOWS\System32\cfgmgr32.dll
0x00007ffaa7530000 - 0x00007ffaa753f000 	C:\Program Files\Android\Android Studio\jre\jre\bin\verify.dll
0x00007ffaa4b00000 - 0x00007ffaa4b29000 	C:\Program Files\Android\Android Studio\jre\jre\bin\java.dll
0x00007ffaa4ae0000 - 0x00007ffaa4af6000 	C:\Program Files\Android\Android Studio\jre\jre\bin\zip.dll
0x00007ffaada80000 - 0x00007ffaaef88000 	C:\WINDOWS\System32\SHELL32.dll
0x00007ffaabed0000 - 0x00007ffaac5aa000 	C:\WINDOWS\System32\windows.storage.dll
0x00007ffaab8d0000 - 0x00007ffaab91c000 	C:\WINDOWS\System32\powrprof.dll
0x00007ffaacb00000 - 0x00007ffaacb52000 	C:\WINDOWS\System32\shlwapi.dll
0x00007ffaab8a0000 - 0x00007ffaab8af000 	C:\WINDOWS\System32\kernel.appcore.dll
0x00007ffaac5b0000 - 0x00007ffaac659000 	C:\WINDOWS\System32\shcore.dll
0x00007ffaab8b0000 - 0x00007ffaab8c4000 	C:\WINDOWS\System32\profapi.dll
0x00007ffaa4a50000 - 0x00007ffaa4a6a000 	C:\Program Files\Android\Android Studio\jre\jre\bin\net.dll
0x00007ffaab170000 - 0x00007ffaab1cc000 	C:\WINDOWS\system32\mswsock.dll
0x00007ffaa1250000 - 0x00007ffaa1261000 	C:\Program Files\Android\Android Studio\jre\jre\bin\nio.dll
0x00007ffaa75a0000 - 0x00007ffaa75be000 	C:\Users\danek\.gradle\native\23\windows-amd64\native-platform.dll
0x00007ffaab320000 - 0x00007ffaab337000 	C:\WINDOWS\SYSTEM32\CRYPTSP.dll
0x00007ffaaad70000 - 0x00007ffaaada3000 	C:\WINDOWS\system32\rsaenh.dll
0x00007ffaab7e0000 - 0x00007ffaab80b000 	C:\WINDOWS\SYSTEM32\bcrypt.dll
0x00007ffaaaff0000 - 0x00007ffaab00f000 	C:\WINDOWS\SYSTEM32\USERENV.dll
0x00007ffaab310000 - 0x00007ffaab31b000 	C:\WINDOWS\SYSTEM32\CRYPTBASE.dll
0x00007ffaaaef0000 - 0x00007ffaaaf28000 	C:\WINDOWS\SYSTEM32\IPHLPAPI.DLL
0x00007ffaaf420000 - 0x00007ffaaf428000 	C:\WINDOWS\System32\NSI.dll
0x00007ffaa7fd0000 - 0x00007ffaa7fe6000 	C:\WINDOWS\SYSTEM32\dhcpcsvc6.DLL
0x00007ffaa7e20000 - 0x00007ffaa7e3a000 	C:\WINDOWS\SYSTEM32\dhcpcsvc.DLL
0x00007ffaa4a40000 - 0x00007ffaa4a4d000 	C:\Program Files\Android\Android Studio\jre\jre\bin\management.dll
0x00007ffaa2be0000 - 0x00007ffaa2d72000 	C:\WINDOWS\SYSTEM32\dbghelp.dll

VM Arguments:
jvm_args: -Xmx1536m -Dfile.encoding=windows-1250 -Duser.country=PL -Duser.language=pl -Duser.variant 
java_command: org.gradle.launcher.daemon.bootstrap.GradleDaemon 3.3
java_class_path (initial): C:\Users\danek\.gradle\wrapper\dists\gradle-3.3-all\55gk2rcmfc6p2dg9u9ohc3hw9\gradle-3.3\lib\gradle-launcher-3.3.jar
Launcher Type: SUN_STANDARD

Environment Variables:
JAVA_HOME=C:\Program Files\Java\jdk1.8.0_131
PATH=C:\ProgramData\Oracle\Java\javapath;C:\WINDOWS\system32;C:\WINDOWS;C:\WINDOWS\System32\Wbem;C:\WINDOWS\System32\WindowsPowerShell\v1.0\;C:\Users\danek\AppData\Local\Microsoft\WindowsApps;C:\java_cwiczenia\apache\apache-maven-3.5.0\bin;C:\Program Files\Java\jdk1.8.0_131\bin
USERNAME=danek
OS=Windows_NT
PROCESSOR_IDENTIFIER=Intel64 Family 6 Model 58 Stepping 9, GenuineIntel



---------------  S Y S T E M  ---------------

OS: Windows 10.0 , 64 bit Build 14393 (10.0.14393.1198)

CPU:total 4 (2 cores per cpu, 2 threads per core) family 6 model 58 stepping 9, cmov, cx8, fxsr, mmx, sse, sse2, sse3, ssse3, sse4.1, sse4.2, popcnt, avx, aes, clmul, erms, ht, tsc, tscinvbit, tscinv

Memory: 4k page, physical 12457524k(8760808k free), swap 16389684k(12609420k free)

vm_info: OpenJDK 64-Bit Server VM (25.112-b06) for windows-amd64 JRE (1.8.0_112-release-b06), built on Dec  8 2016 00:54:26 by "builder" with MS VC++ 10.0 (VS2010)

time: Thu Aug 10 19:19:08 2017
elapsed time: 6 seconds (0d 0h 0m 6s)

